[debug] [2026-05-25T11:55:43.269Z] ----------------------------------------------------------------------
[debug] [2026-05-25T11:55:43.271Z] Command:       C:\Program Files\nodejs\node.exe C:\Users\TANMAY\AppData\Roaming\npm\node_modules\firebase-tools\lib\bin\firebase.js init hosting
[debug] [2026-05-25T11:55:43.271Z] CLI Version:   15.18.0
[debug] [2026-05-25T11:55:43.272Z] Platform:      win32
[debug] [2026-05-25T11:55:43.272Z] Node Version:  v24.15.0
[debug] [2026-05-25T11:55:43.272Z] Time:          Mon May 25 2026 17:25:43 GMT+0530 (India Standard Time)
[debug] [2026-05-25T11:55:43.272Z] ----------------------------------------------------------------------
[debug] 
[info] 
     ######## #### ########  ######## ########     ###     ######  ########
     ##        ##  ##     ## ##       ##     ##  ##   ##  ##       ##
     ######    ##  ########  ######   ########  #########  ######  ######
     ##        ##  ##    ##  ##       ##     ## ##     ##       ## ##
     ##       #### ##     ## ######## ########  ##     ##  ######  ########

You're about to initialize a Firebase project in this directory:

  C:\Users\TANMAY\Desktop\PROJECT\CSI WEBSITE\csi-website

[info] 
=== Project Setup
[info] 
[info] First, let's associate this project directory with a Firebase project.
[info] You can create multiple project aliases by running firebase use --add, 
[info] 
[debug] [2026-05-25T11:57:18.029Z] > command requires scopes: ["email","openid","https://www.googleapis.com/auth/cloudplatformprojects.readonly","https://www.googleapis.com/auth/firebase","https://www.googleapis.com/auth/cloud-platform"]
[debug] [2026-05-25T11:57:18.029Z] > authorizing via signed-in user (tanmaynair04@gmail.com)
[debug] [2026-05-25T11:57:18.030Z] Checked if tokens are valid: true, expires at: 1779713688349
[debug] [2026-05-25T11:57:18.030Z] Checked if tokens are valid: true, expires at: 1779713688349
[debug] [2026-05-25T11:57:18.031Z] >>> [apiv2][query] GET https://firebase.googleapis.com/v1beta1/projects pageSize=100
[debug] [2026-05-25T11:57:18.976Z] <<< [apiv2][status] GET https://firebase.googleapis.com/v1beta1/projects 200
[debug] [2026-05-25T11:57:18.976Z] <<< [apiv2][body] GET https://firebase.googleapis.com/v1beta1/projects [omitted]
[info] 
=== Hosting Setup
[info] 
[debug] [2026-05-25T11:57:48.020Z] Checked if tokens are valid: true, expires at: 1779713688349
[debug] [2026-05-25T11:57:48.020Z] Checked if tokens are valid: true, expires at: 1779713688349
[debug] [2026-05-25T11:57:48.020Z] >>> [apiv2][query] GET https://firebase.googleapis.com/v1beta1/projects/csi-wesite [none]
[debug] [2026-05-25T11:57:48.700Z] <<< [apiv2][status] GET https://firebase.googleapis.com/v1beta1/projects/csi-wesite 200
[debug] [2026-05-25T11:57:48.700Z] <<< [apiv2][body] GET https://firebase.googleapis.com/v1beta1/projects/csi-wesite {"projectId":"csi-wesite","projectNumber":"266873373193","displayName":"csi-wesite","name":"projects/csi-wesite","resources":{"hostingSite":"csi-wesite"},"state":"ACTIVE","etag":"1_9b2749bd-da97-49fc-910c-de296a0c0f8b"}
[info] 
[info] Your public directory is the folder (relative to your project directory) that
[info] will contain Hosting assets to be uploaded with firebase deploy. If you
[info] have a build process for your assets, use your build's output directory.
[info] 
[debug] [2026-05-25T11:58:12.809Z] ExitPromptError: User force closed the prompt with SIGINT
    at Interface.sigint (C:\Users\TANMAY\AppData\Roaming\npm\node_modules\firebase-tools\node_modules\@inquirer\core\dist\commonjs\lib\create-prompt.js:101:37)
    at Interface.emit (node:events:509:28)
    at [_ttyWrite] [as _ttyWrite] (node:internal/readline/interface:1327:18)
    at ReadStream.onkeypress (node:internal/readline/interface:284:20)
    at ReadStream.emit (node:events:521:24)
    at emitKeys (node:internal/readline/utils:371:14)
    at emitKeys.next (<anonymous>)
    at ReadStream.onData (node:internal/readline/emitKeypressEvents:64:36)
    at ReadStream.emit (node:events:509:28)
    at addChunk (node:internal/streams/readable:563:12)
[error] 
[error] Error: An unexpected error has occurred.
